<?xml version="1.0" encoding="UTF-8"?>
<testsuite xmlns:xsi="http://www.w3.org/2001/XMLSchema-instance" xsi:noNamespaceSchemaLocation="https://maven.apache.org/surefire/maven-surefire-plugin/xsd/surefire-test-report.xsd" version="3.0.2" name="co.com.asgard.core.service.impl.ShippingLabelServiceImplTest" time="1.048" tests="2" errors="0" skipped="0" failures="0">
  <properties>
[...]
</properties>
  <testcase name="generateLabel_existingOrder_shouldReturnShippingLabelResponseDTO" classname="co.com.asgard.core.service.impl.ShippingLabelServiceImplTest" time="1.015"/>
  <testcase name="generateLabel_nonExistingOrder_shouldThrowEntityNotFoundException" classname="co.com.asgard.core.service.impl.ShippingLabelServiceImplTest" time="0.01"/>
</testsuite>